[debug] [2021-10-26T23:08:25.334Z] ----------------------------------------------------------------------
[debug] [2021-10-26T23:08:25.336Z] Command:       C:\Program Files\nodejs\node.exe C:\Users\Celebal\AppData\Roaming\npm\node_modules\firebase-tools\lib\bin\firebase.js init
[debug] [2021-10-26T23:08:25.336Z] CLI Version:   9.21.0
[debug] [2021-10-26T23:08:25.336Z] Platform:      win32
[debug] [2021-10-26T23:08:25.336Z] Node Version:  v14.17.2
[debug] [2021-10-26T23:08:25.337Z] Time:          Wed Oct 27 2021 04:38:25 GMT+0530 (India Standard Time)
[debug] [2021-10-26T23:08:25.337Z] ----------------------------------------------------------------------
[debug] 
[debug] [2021-10-26T23:08:25.354Z] > command requires scopes: ["email","openid","https://www.googleapis.com/auth/cloudplatformprojects.readonly","https://www.googleapis.com/auth/firebase","https://www.googleapis.com/auth/cloud-platform"]
[debug] [2021-10-26T23:08:25.354Z] > authorizing via signed-in user (aashish451singhal@gmail.com)
[info] 
     ######## #### ########  ######## ########     ###     ######  ########
     ##        ##  ##     ## ##       ##     ##  ##   ##  ##       ##
     ######    ##  ########  ######   ########  #########  ######  ######
     ##        ##  ##    ##  ##       ##     ## ##     ##       ## ##
     ##       #### ##     ## ######## ########  ##     ##  ######  ########

You're about to initialize a Firebase project in this directory:

  C:\Users\Celebal\Desktop\Project\01 - React\nhois

[info] 
=== Project Setup
[info] 
[info] First, let's associate this project directory with a Firebase project.
[info] You can create multiple project aliases by running firebase use --add, 
[info] but for now we'll just set up a default project.
[info] 
[debug] [2021-10-26T23:09:26.023Z] >>> [apiv2][query] GET https://firebase.googleapis.com/v1beta1/projects pageSize=100
[debug] [2021-10-26T23:09:26.986Z] <<< [apiv2][status] GET https://firebase.googleapis.com/v1beta1/projects 200
[debug] [2021-10-26T23:09:26.986Z] <<< [apiv2][body] GET https://firebase.googleapis.com/v1beta1/projects [omitted]
[info] i  Using project nhois-6c8ee (nhois) 
[info] 
=== Firestore Setup
[debug] [2021-10-26T23:09:30.058Z] > refreshing access token with scopes: ["email","https://www.googleapis.com/auth/cloud-platform","https://www.googleapis.com/auth/cloudplatformprojects.readonly","https://www.googleapis.com/auth/firebase","openid"]
[debug] [2021-10-26T23:09:30.058Z] >>> HTTP REQUEST POST https://www.googleapis.com/oauth2/v3/token  
 <request body omitted>
[debug] [2021-10-26T23:09:30.307Z] <<< HTTP RESPONSE 200 {"date":"Tue, 26 Oct 2021 23:09:29 GMT","expires":"Mon, 01 Jan 1990 00:00:00 GMT","pragma":"no-cache","cache-control":"no-cache, no-store, max-age=0, must-revalidate","content-type":"application/json; charset=utf-8","vary":"X-Origin, Referer, Origin,Accept-Encoding","server":"scaffolding on HTTPServer2","x-xss-protection":"0","x-frame-options":"SAMEORIGIN","x-content-type-options":"nosniff","alt-svc":"h3=\":443\"; ma=2592000,h3-29=\":443\"; ma=2592000,h3-Q050=\":443\"; ma=2592000,h3-Q046=\":443\"; ma=2592000,h3-Q043=\":443\"; ma=2592000","accept-ranges":"none","transfer-encoding":"chunked"}
[debug] [2021-10-26T23:09:30.317Z] >>> HTTP REQUEST GET https://serviceusage.googleapis.com/v1/projects/nhois-6c8ee/services/firestore.googleapis.com  
 
[debug] [2021-10-26T23:09:32.284Z] <<< HTTP RESPONSE 200 {"content-type":"application/json; charset=UTF-8","vary":"X-Origin, Referer, Origin,Accept-Encoding","date":"Tue, 26 Oct 2021 23:09:31 GMT","server":"ESF","cache-control":"private","x-xss-protection":"0","x-frame-options":"SAMEORIGIN","x-content-type-options":"nosniff","alt-svc":"h3=\":443\"; ma=2592000,h3-29=\":443\"; ma=2592000,h3-Q050=\":443\"; ma=2592000,h3-Q046=\":443\"; ma=2592000,h3-Q043=\":443\"; ma=2592000","accept-ranges":"none","transfer-encoding":"chunked"}
[debug] [2021-10-26T23:09:32.286Z] >>> HTTP REQUEST GET https://appengine.googleapis.com/v1/apps/nhois-6c8ee  
 
[debug] [2021-10-26T23:09:32.958Z] <<< HTTP RESPONSE 200 {"content-type":"application/json; charset=UTF-8","vary":"X-Origin, Referer, Origin,Accept-Encoding","date":"Tue, 26 Oct 2021 23:09:32 GMT","server":"ESF","cache-control":"private","x-xss-protection":"0","x-frame-options":"SAMEORIGIN","x-content-type-options":"nosniff","alt-svc":"h3=\":443\"; ma=2592000,h3-29=\":443\"; ma=2592000,h3-Q050=\":443\"; ma=2592000,h3-Q046=\":443\"; ma=2592000,h3-Q043=\":443\"; ma=2592000","accept-ranges":"none","transfer-encoding":"chunked"}
[debug] [2021-10-26T23:09:32.959Z] database_type: CLOUD_FIRESTORE
[debug] [2021-10-26T23:09:32.959Z] > command requires scopes: ["email","openid","https://www.googleapis.com/auth/cloudplatformprojects.readonly","https://www.googleapis.com/auth/firebase","https://www.googleapis.com/auth/cloud-platform"]
[debug] [2021-10-26T23:09:32.960Z] > authorizing via signed-in user (aashish451singhal@gmail.com)
[debug] [2021-10-26T23:09:32.960Z] [iam] checking project nhois-6c8ee for permissions ["firebase.projects.get"]
[debug] [2021-10-26T23:09:32.960Z] >>> HTTP REQUEST POST https://cloudresourcemanager.googleapis.com/v1/projects/nhois-6c8ee:testIamPermissions  
 {"permissions":["firebase.projects.get"]}
[debug] [2021-10-26T23:09:34.574Z] <<< HTTP RESPONSE 200 {"content-type":"application/json; charset=UTF-8","vary":"X-Origin, Referer, Origin,Accept-Encoding","date":"Tue, 26 Oct 2021 23:09:33 GMT","server":"ESF","cache-control":"private","x-xss-protection":"0","x-frame-options":"SAMEORIGIN","x-content-type-options":"nosniff","server-timing":"gfet4t7; dur=1382","alt-svc":"h3=\":443\"; ma=2592000,h3-29=\":443\"; ma=2592000,h3-Q050=\":443\"; ma=2592000,h3-Q046=\":443\"; ma=2592000,h3-Q043=\":443\"; ma=2592000","accept-ranges":"none","transfer-encoding":"chunked"}
[info] 
[info] Firestore Security Rules allow you to define how and when to allow
[info] requests. You can keep these rules in your project directory
[info] and publish them with firebase deploy.
[info] 
[debug] [2021-10-26T23:09:45.893Z] >>> HTTP REQUEST GET https://firebaserules.googleapis.com/v1/projects/nhois-6c8ee/releases?pageSize=10&pageToken=  
 
[debug] [2021-10-26T23:09:47.498Z] <<< HTTP RESPONSE 200 {"content-type":"application/json; charset=UTF-8","vary":"X-Origin, Referer, Origin,Accept-Encoding","date":"Tue, 26 Oct 2021 23:09:46 GMT","server":"ESF","cache-control":"private","x-xss-protection":"0","x-frame-options":"SAMEORIGIN","x-content-type-options":"nosniff","alt-svc":"h3=\":443\"; ma=2592000,h3-29=\":443\"; ma=2592000,h3-Q050=\":443\"; ma=2592000,h3-Q046=\":443\"; ma=2592000,h3-Q043=\":443\"; ma=2592000","accept-ranges":"none","transfer-encoding":"chunked"}
[debug] [2021-10-26T23:09:47.499Z] Found ruleset: projects/nhois-6c8ee/rulesets/f67d4cae-0420-48b2-9dfe-c3bd4ceba55d
[debug] [2021-10-26T23:09:47.499Z] >>> HTTP REQUEST GET https://firebaserules.googleapis.com/v1/projects/nhois-6c8ee/rulesets/f67d4cae-0420-48b2-9dfe-c3bd4ceba55d  
 
[debug] [2021-10-26T23:09:48.956Z] <<< HTTP RESPONSE 200 {"content-type":"application/json; charset=UTF-8","vary":"X-Origin, Referer, Origin,Accept-Encoding","date":"Tue, 26 Oct 2021 23:09:48 GMT","server":"ESF","cache-control":"private","x-xss-protection":"0","x-frame-options":"SAMEORIGIN","x-content-type-options":"nosniff","alt-svc":"h3=\":443\"; ma=2592000,h3-29=\":443\"; ma=2592000,h3-Q050=\":443\"; ma=2592000,h3-Q046=\":443\"; ma=2592000,h3-Q043=\":443\"; ma=2592000","accept-ranges":"none","transfer-encoding":"chunked"}
[info] 
[info] Firestore indexes allow you to perform complex queries while
[info] maintaining performance that scales with the size of the result
[info] set. You can keep index definitions in your project directory
[info] and publish them with firebase deploy.
[info] 
[debug] [2021-10-26T23:09:54.896Z] >>> HTTP REQUEST GET https://firestore.googleapis.com/v1/projects/nhois-6c8ee/databases/(default)/collectionGroups/-/indexes  
 
[debug] [2021-10-26T23:09:54.896Z] >>> HTTP REQUEST GET https://firestore.googleapis.com/v1/projects/nhois-6c8ee/databases/(default)/collectionGroups/-/fields?filter=indexConfig.usesAncestorConfig=false  
 
[debug] [2021-10-26T23:09:55.408Z] <<< HTTP RESPONSE 200 {"content-type":"application/json; charset=UTF-8","vary":"X-Origin, Referer, Origin,Accept-Encoding","date":"Tue, 26 Oct 2021 23:09:54 GMT","server":"ESF","cache-control":"private","x-xss-protection":"0","x-frame-options":"SAMEORIGIN","x-content-type-options":"nosniff","alt-svc":"h3=\":443\"; ma=2592000,h3-29=\":443\"; ma=2592000,h3-Q050=\":443\"; ma=2592000,h3-Q046=\":443\"; ma=2592000,h3-Q043=\":443\"; ma=2592000","accept-ranges":"none","transfer-encoding":"chunked"}
[debug] [2021-10-26T23:09:55.525Z] <<< HTTP RESPONSE 200 {"content-type":"application/json; charset=UTF-8","vary":"X-Origin, Referer, Origin,Accept-Encoding","date":"Tue, 26 Oct 2021 23:09:54 GMT","server":"ESF","cache-control":"private","x-xss-protection":"0","x-frame-options":"SAMEORIGIN","x-content-type-options":"nosniff","alt-svc":"h3=\":443\"; ma=2592000,h3-29=\":443\"; ma=2592000,h3-Q050=\":443\"; ma=2592000,h3-Q046=\":443\"; ma=2592000,h3-Q043=\":443\"; ma=2592000","accept-ranges":"none","transfer-encoding":"chunked"}
[info] 
=== Hosting Setup
[info] 
[info] Your public directory is the folder (relative to your project directory) that
[info] will contain Hosting assets to be uploaded with firebase deploy. If you
[info] have a build process for your assets, use your build's output directory.
[info] 
[debug] [2021-10-26T23:10:22.739Z] >>> [apiv2][query] GET https://www.gstatic.com/firebasejs/releases.json [none]
[debug] [2021-10-26T23:10:23.013Z] <<< [apiv2][status] GET https://www.gstatic.com/firebasejs/releases.json 200
[debug] [2021-10-26T23:10:23.013Z] <<< [apiv2][body] GET https://www.gstatic.com/firebasejs/releases.json {"current":{"version":"9.1.3","browserURL":"https://www.gstatic.com/firebasejs/9.1.3/firebase.js","packageURL":"https://www.gstatic.com/firebasejs/9.1.3/firebase.tgz"},"live":{"version":"9.1","browserURL":"https://www.gstatic.com/firebasejs/live/9.1/firebase.js","packageURL":"https://www.gstatic.com/firebasejs/live/9.1/firebase.tgz"},"components":{"analytics":"https://www.gstatic.com/firebasejs/9.1.3/firebase-analytics.js","app":"https://www.gstatic.com/firebasejs/9.1.3/firebase-app.js","app-check":"https://www.gstatic.com/firebasejs/9.1.3/firebase-app-check.js","auth":"https://www.gstatic.com/firebasejs/9.1.3/firebase-auth.js","auth/cordova":"https://www.gstatic.com/firebasejs/9.1.3/firebase-auth/cordova.js","auth/react-native":"https://www.gstatic.com/firebasejs/9.1.3/firebase-auth/react-native.js","functions":"https://www.gstatic.com/firebasejs/9.1.3/firebase-functions.js","firestore":"https://www.gstatic.com/firebasejs/9.1.3/firebase-firestore.js","firestore/lite":"https://www.gstatic.com/firebasejs/9.1.3/firebase-firestore/lite.js","storage":"https://www.gstatic.com/firebasejs/9.1.3/firebase-storage.js","performance":"https://www.gstatic.com/firebasejs/9.1.3/firebase-performance.js","remote-config":"https://www.gstatic.com/firebasejs/9.1.3/firebase-remote-config.js","messaging":"https://www.gstatic.com/firebasejs/9.1.3/firebase-messaging.js","messaging/sw":"https://www.gstatic.com/firebasejs/9.1.3/firebase-messaging/sw.js","database":"https://www.gstatic.com/firebasejs/9.1.3/firebase-database.js","firestore.memory":"https://www.gstatic.com/firebasejs/9.1.3/firebase-firestore.memory.js"}}
[info] i  Skipping write of public/index.html 
[info] 
[info] i  Detected a .git folder at C:\Users\Celebal\Desktop\Project\01 - React\nhois 
[info] i  Authorizing with GitHub to upload your service account to a GitHub repository's secrets store. 
[info] 
[info] Visit this URL on this device to log in:
[info] https://github.com/login/oauth/authorize?client_id=89cf50f02ac6aaed3484&state=559378135&redirect_uri=http%3A%2F%2Flocalhost%3A9005&scope=read%3Auser%20repo%20public_repo
[info] 
[info] Waiting for authentication...
[debug] [2021-10-26T23:10:41.857Z] >>> HTTP REQUEST POST https://github.com/login/oauth/access_token  
 {"client_id":"89cf50f02ac6aaed3484","client_secret":"3330d14abc895d9a74d5f17cd7a00711fa2c5bf0","code":"7644b8f3042eea5c25fc","redirect_uri":"http://localhost:9005","state":"559378135"}
[debug] [2021-10-26T23:10:42.253Z] <<< HTTP RESPONSE 200 {"server":"GitHub.com","date":"Tue, 26 Oct 2021 23:10:41 GMT","content-type":"application/json; charset=utf-8","transfer-encoding":"chunked","vary":"X-PJAX, X-PJAX-Container, Accept-Encoding, Accept, X-Requested-With","permissions-policy":"interest-cohort=()","etag":"W/\"81a9ef88748555a1d8ddee5a0f2995c8\"","cache-control":"max-age=0, private, must-revalidate","strict-transport-security":"max-age=31536000; includeSubdomains; preload","x-frame-options":"deny","x-content-type-options":"nosniff","x-xss-protection":"0","referrer-policy":"origin-when-cross-origin, strict-origin-when-cross-origin","expect-ct":"max-age=2592000, report-uri=\"https://api.github.com/_private/browser/errors\"","content-security-policy":"default-src 'none'; base-uri 'self'; block-all-mixed-content; child-src github.com/assets-cdn/worker/ gist.github.com/assets-cdn/worker/; connect-src 'self' uploads.github.com objects-origin.githubusercontent.com www.githubstatus.com collector.githubapp.com api.github.com github-cloud.s3.amazonaws.com github-production-repository-file-5c1aeb.s3.amazonaws.com github-production-upload-manifest-file-7fdce7.s3.amazonaws.com github-production-user-asset-6210df.s3.amazonaws.com cdn.optimizely.com logx.optimizely.com/v1/events translator.github.com wss://alive.github.com; font-src github.githubassets.com; form-action 'self' github.com gist.github.com objects-origin.githubusercontent.com; frame-ancestors 'none'; frame-src render.githubusercontent.com viewscreen.githubusercontent.com notebooks.githubusercontent.com; img-src 'self' data: github.githubassets.com identicons.github.com collector.githubapp.com github-cloud.s3.amazonaws.com secured-user-images.githubusercontent.com/ *.githubusercontent.com; manifest-src 'self'; media-src github.com user-images.githubusercontent.com/; script-src github.githubassets.com; style-src 'unsafe-inline' github.githubassets.com; worker-src github.com/assets-cdn/worker/ gist.github.com/assets-cdn/worker/","x-github-request-id":"F7EB:4A82:14BA2C:1B833A:61788AF1"}
[debug] [2021-10-26T23:10:42.278Z] >>> [apiv2][query] GET https://api.github.com/user [none]
[debug] [2021-10-26T23:10:42.685Z] <<< [apiv2][status] GET https://api.github.com/user 200
[debug] [2021-10-26T23:10:42.685Z] <<< [apiv2][body] GET https://api.github.com/user {"login":"AashishSinghal","id":31347145,"node_id":"MDQ6VXNlcjMxMzQ3MTQ1","avatar_url":"https://avatars.githubusercontent.com/u/31347145?v=4","gravatar_id":"","url":"https://api.github.com/users/AashishSinghal","html_url":"https://github.com/AashishSinghal","followers_url":"https://api.github.com/users/AashishSinghal/followers","following_url":"https://api.github.com/users/AashishSinghal/following{/other_user}","gists_url":"https://api.github.com/users/AashishSinghal/gists{/gist_id}","starred_url":"https://api.github.com/users/AashishSinghal/starred{/owner}{/repo}","subscriptions_url":"https://api.github.com/users/AashishSinghal/subscriptions","organizations_url":"https://api.github.com/users/AashishSinghal/orgs","repos_url":"https://api.github.com/users/AashishSinghal/repos","events_url":"https://api.github.com/users/AashishSinghal/events{/privacy}","received_events_url":"https://api.github.com/users/AashishSinghal/received_events","type":"User","site_admin":false,"name":"Aashish Singhal","company":null,"blog":"aashishsinghal.com","location":"Kota, Rajasthan","email":"aashish451singhal@gmail.com","hireable":null,"bio":"I am Learning React and Creating Applications with it and constantly improvising.","twitter_username":null,"public_repos":38,"public_gists":0,"followers":6,"following":9,"created_at":"2017-08-25T12:29:03Z","updated_at":"2021-10-19T11:40:53Z","private_gists":0,"total_private_repos":7,"owned_private_repos":7,"disk_usage":641530,"collaborators":8,"two_factor_authentication":false,"plan":{"name":"free","space":976562499,"collaborators":0,"private_repos":10000}}
[info] 
[info] +  Success! Logged into GitHub as AashishSinghal 
[info] 
